c:\users\student\onedrive\デスクトップ\作ったゲーム\pixel\debug\vc140.pdb
c:\users\student\onedrive\デスクトップ\作ったゲーム\pixel\debug\vc140.idb
c:\users\student\onedrive\デスクトップ\作ったゲーム\pixel\debug\text2d.nativecodeanalysis.xml
c:\users\student\onedrive\デスクトップ\作ったゲーム\pixel\debug\time.nativecodeanalysis.xml
c:\users\student\onedrive\デスクトップ\作ったゲーム\pixel\debug\block.nativecodeanalysis.xml
c:\users\student\onedrive\デスクトップ\作ったゲーム\pixel\debug\bullet.nativecodeanalysis.xml
c:\users\student\onedrive\デスクトップ\作ったゲーム\pixel\debug\enemy.nativecodeanalysis.xml
c:\users\student\onedrive\デスクトップ\作ったゲーム\pixel\debug\floor.nativecodeanalysis.xml
c:\users\student\onedrive\デスクトップ\作ったゲーム\pixel\debug\player.nativecodeanalysis.xml
c:\users\student\onedrive\デスクトップ\作ったゲーム\pixel\debug\player2d.nativecodeanalysis.xml
c:\users\student\onedrive\デスクトップ\作ったゲーム\pixel\debug\motion.nativecodeanalysis.xml
c:\users\student\onedrive\デスクトップ\作ったゲーム\pixel\debug\motion_model.nativecodeanalysis.xml
c:\users\student\onedrive\デスクトップ\作ったゲーム\pixel\debug\object.nativecodeanalysis.xml
c:\users\student\onedrive\デスクトップ\作ったゲーム\pixel\debug\object2d.nativecodeanalysis.xml
c:\users\student\onedrive\デスクトップ\作ったゲーム\pixel\debug\object3d.nativecodeanalysis.xml
c:\users\student\onedrive\デスクトップ\作ったゲーム\pixel\debug\model.nativecodeanalysis.xml
c:\users\student\onedrive\デスクトップ\作ったゲーム\pixel\debug\objectx.nativecodeanalysis.xml
c:\users\student\onedrive\デスクトップ\作ったゲーム\pixel\debug\parts.nativecodeanalysis.xml
c:\users\student\onedrive\デスクトップ\作ったゲーム\pixel\debug\physics.nativecodeanalysis.xml
c:\users\student\onedrive\デスクトップ\作ったゲーム\pixel\debug\renderer.nativecodeanalysis.xml
c:\users\student\onedrive\デスクトップ\作ったゲーム\pixel\debug\sound.nativecodeanalysis.xml
c:\users\student\onedrive\デスクトップ\作ったゲーム\pixel\debug\texture.nativecodeanalysis.xml
c:\users\student\onedrive\デスクトップ\作ったゲーム\pixel\debug\camera.nativecodeanalysis.xml
c:\users\student\onedrive\デスクトップ\作ったゲーム\pixel\debug\input.nativecodeanalysis.xml
c:\users\student\onedrive\デスクトップ\作ったゲーム\pixel\debug\light.nativecodeanalysis.xml
c:\users\student\onedrive\デスクトップ\作ったゲーム\pixel\debug\main.nativecodeanalysis.xml
c:\users\student\onedrive\デスクトップ\作ったゲーム\pixel\debug\manager.nativecodeanalysis.xml
c:\users\student\onedrive\デスクトップ\作ったゲーム\pixel\debug\bg2d.nativecodeanalysis.xml
c:\users\student\onedrive\デスクトップ\作ったゲーム\pixel\debug\bg_multi2d.nativecodeanalysis.xml
c:\users\student\onedrive\デスクトップ\作ったゲーム\pixel\debug\block2d.nativecodeanalysis.xml
c:\users\student\onedrive\デスクトップ\作ったゲーム\pixel\debug\effect2d.nativecodeanalysis.xml
c:\users\student\onedrive\デスクトップ\作ったゲーム\pixel\debug\particle2d.nativecodeanalysis.xml
c:\users\student\onedrive\デスクトップ\作ったゲーム\pixel\debug\score.nativecodeanalysis.xml
c:\users\student\onedrive\デスクトップ\作ったゲーム\pixel\debug\text2d.obj
c:\users\student\onedrive\デスクトップ\作ったゲーム\pixel\debug\time.obj
c:\users\student\onedrive\デスクトップ\作ったゲーム\pixel\debug\block.obj
c:\users\student\onedrive\デスクトップ\作ったゲーム\pixel\debug\bullet.obj
c:\users\student\onedrive\デスクトップ\作ったゲーム\pixel\debug\enemy.obj
c:\users\student\onedrive\デスクトップ\作ったゲーム\pixel\debug\floor.obj
c:\users\student\onedrive\デスクトップ\作ったゲーム\pixel\debug\player.obj
c:\users\student\onedrive\デスクトップ\作ったゲーム\pixel\debug\player2d.obj
c:\users\student\onedrive\デスクトップ\作ったゲーム\pixel\debug\motion.obj
c:\users\student\onedrive\デスクトップ\作ったゲーム\pixel\debug\motion_model.obj
c:\users\student\onedrive\デスクトップ\作ったゲーム\pixel\debug\object.obj
c:\users\student\onedrive\デスクトップ\作ったゲーム\pixel\debug\object2d.obj
c:\users\student\onedrive\デスクトップ\作ったゲーム\pixel\debug\object3d.obj
c:\users\student\onedrive\デスクトップ\作ったゲーム\pixel\debug\model.obj
c:\users\student\onedrive\デスクトップ\作ったゲーム\pixel\debug\objectx.obj
c:\users\student\onedrive\デスクトップ\作ったゲーム\pixel\debug\parts.obj
c:\users\student\onedrive\デスクトップ\作ったゲーム\pixel\debug\physics.obj
c:\users\student\onedrive\デスクトップ\作ったゲーム\pixel\debug\renderer.obj
c:\users\student\onedrive\デスクトップ\作ったゲーム\pixel\debug\sound.obj
c:\users\student\onedrive\デスクトップ\作ったゲーム\pixel\debug\texture.obj
c:\users\student\onedrive\デスクトップ\作ったゲーム\pixel\debug\camera.obj
c:\users\student\onedrive\デスクトップ\作ったゲーム\pixel\debug\input.obj
c:\users\student\onedrive\デスクトップ\作ったゲーム\pixel\debug\light.obj
c:\users\student\onedrive\デスクトップ\作ったゲーム\pixel\debug\main.obj
c:\users\student\onedrive\デスクトップ\作ったゲーム\pixel\debug\manager.obj
c:\users\student\onedrive\デスクトップ\作ったゲーム\pixel\debug\bg2d.obj
c:\users\student\onedrive\デスクトップ\作ったゲーム\pixel\debug\bg_multi2d.obj
c:\users\student\onedrive\デスクトップ\作ったゲーム\pixel\debug\block2d.obj
c:\users\student\onedrive\デスクトップ\作ったゲーム\pixel\debug\effect2d.obj
c:\users\student\onedrive\デスクトップ\作ったゲーム\pixel\debug\particle2d.obj
c:\users\student\onedrive\デスクトップ\作ったゲーム\pixel\debug\score.obj
c:\users\student\onedrive\デスクトップ\作ったゲーム\pixel\debug\csv_file.obj
c:\users\student\onedrive\デスクトップ\作ったゲーム\pixel\debug\effectx.obj
c:\users\student\onedrive\デスクトップ\作ったゲーム\pixel\debug\particlex.obj
c:\users\student\onedrive\デスクトップ\作ったゲーム\pixel\debug\debug.obj
c:\users\student\onedrive\デスクトップ\作ったゲーム\pixel\debug\000.ilk
c:\users\student\onedrive\デスクトップ\作ったゲーム\pixel\debug\000.exe
c:\users\student\onedrive\デスクトップ\作ったゲーム\pixel\debug\000.pdb
c:\users\student\onedrive\デスクトップ\作ったゲーム\pixel\debug\000.res
c:\users\student\onedrive\デスクトップ\作ったゲーム\pixel\debug\block.obj.enc
c:\users\student\onedrive\デスクトップ\作ったゲーム\pixel\debug\bullet.obj.enc
c:\users\student\onedrive\デスクトップ\作ったゲーム\pixel\debug\nativecodeanalysis.read.1.tlog
c:\users\student\onedrive\デスクトップ\作ったゲーム\pixel\debug\vc.nativecodeanalysis.all.xml
c:\users\student\onedrive\デスクトップ\作ったゲーム\pixel\debug\000.exe.lastcodeanalysissucceeded
c:\users\student\onedrive\デスクトップ\作ったゲーム\pixel\debug\000.tlog\cl.command.1.tlog
c:\users\student\onedrive\デスクトップ\作ったゲーム\pixel\debug\000.tlog\cl.read.1.tlog
c:\users\student\onedrive\デスクトップ\作ったゲーム\pixel\debug\000.tlog\cl.write.1.tlog
c:\users\student\onedrive\デスクトップ\作ったゲーム\pixel\debug\000.tlog\link.command.1.tlog
c:\users\student\onedrive\デスクトップ\作ったゲーム\pixel\debug\000.tlog\link.read.1.tlog
c:\users\student\onedrive\デスクトップ\作ったゲーム\pixel\debug\000.tlog\link.write.1.tlog
c:\users\student\onedrive\デスクトップ\作ったゲーム\pixel\debug\000.tlog\rc.command.1.tlog
c:\users\student\onedrive\デスクトップ\作ったゲーム\pixel\debug\000.tlog\rc.read.1.tlog
c:\users\student\onedrive\デスクトップ\作ったゲーム\pixel\debug\000.tlog\rc.write.1.tlog
